2024-04-19 21:50:57,849 [INFO] Activator:176 - 


2024-04-19 21:50:57,866 [INFO] Activator:177 - !SESSION log4j initialized
2024-04-19 21:51:20,759 [INFO] LogOutputStream:77 - [STDOUT_REDIRECT] 
2024-04-19 21:51:23,763 [INFO] ApplicationProperties:184 - Using Application install path: D:\ST\STM32CubeIDE_1.13.1\STM32CubeIDE\plugins\com.st.stm32cube.common.mx_6.9.1.202307191849
2024-04-19 21:51:23,806 [INFO] DbMcusXml:78 - Set database path to: D:\ST\STM32CubeIDE_1.13.1\STM32CubeIDE\plugins\com.st.stm32cube.common.mx_6.9.1.202307191849\\db\/mcu/
2024-04-19 21:51:23,807 [INFO] ApiDb:274 - Set plugin database path to: D:\ST\STM32CubeIDE_1.13.1\STM32CubeIDE\plugins\com.st.stm32cube.common.mx_6.9.1.202307191849\\db\/plugins/boardmanager/
2024-04-19 21:51:23,807 [WARN] ApiDb:259 - Overriding images path with different value:  => D:\ST\STM32CubeIDE_1.13.1\STM32CubeIDE\plugins\com.st.stm32cube.common.mx_6.9.1.202307191849\\db\/plugins/mcufinder/images/
2024-04-19 21:51:23,828 [INFO] ApiDb:250 - Set database path to: C:\Users\User\.stmcufinder\plugins\mcufinder//mcu/
2024-04-19 21:51:23,831 [INFO] DbMcusAds:125 - Set database path to: C:\Users\User\.stmcufinder\plugins\mcufinder//mcu/
2024-04-19 21:51:23,837 [INFO] CrossReferenceDbSqlite:203 - Set database path to: C:\Users\User\.stmcufinder\plugins\mcufinder//mcu/cs/
2024-04-19 21:51:24,101 [INFO] RulesReader:64 - Compatibility file has been processed (293 Rules)
2024-04-19 21:51:24,342 [INFO] DbMcusXml:78 - Set database path to: D:\ST\STM32CubeIDE_1.13.1\STM32CubeIDE\plugins\com.st.stm32cube.common.mx_6.9.1.202307191849\\db\/mcu/
2024-04-19 21:51:24,343 [INFO] ApiDb:274 - Set plugin database path to: D:\ST\STM32CubeIDE_1.13.1\STM32CubeIDE\plugins\com.st.stm32cube.common.mx_6.9.1.202307191849\\db\/plugins/boardmanager/
2024-04-19 21:51:24,343 [INFO] ApiDb:261 - Set plugin images path to: D:\ST\STM32CubeIDE_1.13.1\STM32CubeIDE\plugins\com.st.stm32cube.common.mx_6.9.1.202307191849\\db\/plugins/mcufinder/images/
2024-04-19 21:51:24,344 [WARN] DbFile:41 - Overriding database path with different value: C:\Users\User\.stmcufinder\plugins\mcufinder/ => C:\Users\User\.stmcufinder\plugins\mcufinder
2024-04-19 21:51:24,344 [INFO] ApiDb:250 - Set database path to: C:\Users\User\.stmcufinder\plugins\mcufinder//mcu/
2024-04-19 21:51:24,345 [WARN] DbFile:41 - Overriding database path with different value: C:\Users\User\.stmcufinder\plugins\mcufinder/ => C:\Users\User\.stmcufinder\plugins\mcufinder
2024-04-19 21:51:24,345 [INFO] DbMcusAds:125 - Set database path to: C:\Users\User\.stmcufinder\plugins\mcufinder//mcu/
2024-04-19 21:51:24,345 [WARN] DbFile:41 - Overriding database path with different value: C:\Users\User\.stmcufinder\plugins\mcufinder/ => C:\Users\User\.stmcufinder\plugins\mcufinder
2024-04-19 21:51:24,345 [WARN] DbFile:41 - Overriding database path with different value: C:\Users\User\.stmcufinder\plugins\mcufinder/ => C:\Users\User\.stmcufinder\plugins\mcufinder
2024-04-19 21:51:24,346 [INFO] CrossReferenceDbSqlite:203 - Set database path to: C:\Users\User\.stmcufinder\plugins\mcufinder//mcu/cs/
2024-04-19 21:51:24,491 [INFO] MainPanel:262 - HeapMemory: 268435456
2024-04-19 21:51:24,676 [INFO] DbMcusXml:78 - Set database path to: D:\ST\STM32CubeIDE_1.13.1\STM32CubeIDE\plugins\com.st.stm32cube.common.mx_6.9.1.202307191849\\db\/mcu/
2024-04-19 21:51:24,676 [INFO] ApiDb:274 - Set plugin database path to: D:\ST\STM32CubeIDE_1.13.1\STM32CubeIDE\plugins\com.st.stm32cube.common.mx_6.9.1.202307191849\\db\/plugins/boardmanager/
2024-04-19 21:51:24,676 [INFO] ApiDb:261 - Set plugin images path to: D:\ST\STM32CubeIDE_1.13.1\STM32CubeIDE\plugins\com.st.stm32cube.common.mx_6.9.1.202307191849\\db\/plugins/mcufinder/images/
2024-04-19 21:51:24,677 [WARN] DbFile:41 - Overriding database path with different value: C:\Users\User\.stmcufinder\plugins\mcufinder/ => C:\Users\User\.stmcufinder\plugins\mcufinder
2024-04-19 21:51:24,677 [INFO] ApiDb:250 - Set database path to: C:\Users\User\.stmcufinder\plugins\mcufinder//mcu/
2024-04-19 21:51:24,677 [WARN] DbFile:41 - Overriding database path with different value: C:\Users\User\.stmcufinder\plugins\mcufinder/ => C:\Users\User\.stmcufinder\plugins\mcufinder
2024-04-19 21:51:24,677 [INFO] DbMcusAds:125 - Set database path to: C:\Users\User\.stmcufinder\plugins\mcufinder//mcu/
2024-04-19 21:51:24,678 [WARN] DbFile:41 - Overriding database path with different value: C:\Users\User\.stmcufinder\plugins\mcufinder/ => C:\Users\User\.stmcufinder\plugins\mcufinder
2024-04-19 21:51:24,678 [WARN] DbFile:41 - Overriding database path with different value: C:\Users\User\.stmcufinder\plugins\mcufinder/ => C:\Users\User\.stmcufinder\plugins\mcufinder
2024-04-19 21:51:24,678 [INFO] CrossReferenceDbSqlite:203 - Set database path to: C:\Users\User\.stmcufinder\plugins\mcufinder//mcu/cs/
2024-04-19 21:51:24,711 [INFO] ApplicationProperties:184 - Using Application install path: D:\ST\STM32CubeIDE_1.13.1\STM32CubeIDE\plugins\com.st.stm32cube.common.mx_6.9.1.202307191849
2024-04-19 21:51:24,714 [INFO] PluginManage:196 - Search for loadable plugins [exclusion list=, ]
2024-04-19 21:51:24,716 [INFO] PluginManage:310 - Check plugin analytics
2024-04-19 21:51:25,051 [INFO] AnalyticsPlugin:253 - Accepted Software Licenses: 
2024-04-19 21:51:25,051 [INFO] AnalyticsPlugin:255 - Accepted CMSIS Pack Licenses: 
2024-04-19 21:51:25,052 [INFO] AnalyticsPlugin:257 - Accepted Firmware Licenses: 
2024-04-19 21:51:25,057 [INFO] PluginManage:359 - Loaded plugin analytics (category:tool,tabindex:-1)
2024-04-19 21:51:25,058 [INFO] PluginManage:310 - Check plugin cadmodel
2024-04-19 21:51:25,106 [INFO] CADModel:105 - Init CAD model plugin
2024-04-19 21:51:25,107 [INFO] PluginManage:359 - Loaded plugin cadmodel (category:power,tabindex:5)
2024-04-19 21:51:25,108 [INFO] PluginManage:310 - Check plugin clock
2024-04-19 21:51:25,154 [INFO] PluginManage:359 - Loaded plugin clock (category:base,tabindex:2)
2024-04-19 21:51:25,154 [INFO] PluginManage:310 - Check plugin ddr
2024-04-19 21:51:25,160 [INFO] PluginManage:359 - Loaded plugin ddr (category:tool,tabindex:6)
2024-04-19 21:51:25,161 [INFO] PluginManage:310 - Check plugin filemanager
2024-04-19 21:51:25,437 [INFO] PluginManage:359 - Loaded plugin filemanager (category:base,tabindex:10)
2024-04-19 21:51:25,438 [INFO] PluginManage:310 - Check plugin ipmanager
2024-04-19 21:51:25,454 [INFO] PluginManage:359 - Loaded plugin ipmanager (category:base,tabindex:5)
2024-04-19 21:51:25,454 [INFO] PluginManage:310 - Check plugin lpbam
2024-04-19 21:51:25,493 [INFO] PluginManage:359 - Loaded plugin lpbam (category:base,tabindex:0)
2024-04-19 21:51:25,494 [INFO] PluginManage:310 - Check plugin memorymap
2024-04-19 21:51:25,536 [INFO] PluginManage:359 - Loaded plugin memorymap (category:base,tabindex:4)
2024-04-19 21:51:25,537 [INFO] PluginManage:310 - Check plugin pinoutandconfiguration
2024-04-19 21:51:25,572 [INFO] PluginManage:359 - Loaded plugin pinoutandconfiguration (category:base,tabindex:1)
2024-04-19 21:51:25,572 [INFO] PluginManage:310 - Check plugin pinoutconfig
2024-04-19 21:51:25,771 [WARN] SupportedApi:132 - Cannot load RTOS API schema: s4s-elt-must-match.1: The content of 'definitions' must match (annotation?, (simpleType | complexType)?, (unique | key | keyref)*)). A problem was found starting at: attribute.
2024-04-19 21:51:26,020 [INFO] PluginManage:359 - Loaded plugin pinoutconfig (category:base,tabindex:0)
2024-04-19 21:51:26,020 [INFO] PluginManage:310 - Check plugin power
2024-04-19 21:51:26,062 [INFO] PluginManage:359 - Loaded plugin power (category:power,tabindex:4)
2024-04-19 21:51:26,062 [INFO] PluginManage:310 - Check plugin projectmanager
2024-04-19 21:51:26,089 [INFO] PluginManage:359 - Loaded plugin projectmanager (category:projectmanager,tabindex:3)
2024-04-19 21:51:26,090 [INFO] PluginManage:310 - Check plugin thirdparty
2024-04-19 21:51:26,685 [INFO] PluginManage:359 - Loaded plugin thirdparty (category:base,tabindex:-1)
2024-04-19 21:51:26,686 [INFO] PluginManage:310 - Check plugin tools
2024-04-19 21:51:26,685 [WARN] IntegrityCheckThread:84 - waiting for thirdparty lock release [integrity check]
2024-04-19 21:51:26,686 [INFO] IntegrityCheckThread:86 - entering critical section [integrity check]
2024-04-19 21:51:26,687 [INFO] ThirdPartyUpdaterWithRetryManager:70 - Updater plugin not ready yet. [1/15]
2024-04-19 21:51:26,763 [INFO] PluginManage:359 - Loaded plugin tools (category:base,tabindex:7)
2024-04-19 21:51:26,763 [INFO] PluginManage:310 - Check plugin tutovideos
2024-04-19 21:51:27,194 [INFO] PluginManage:359 - Loaded plugin tutovideos (category:base,tabindex:-1)
2024-04-19 21:51:27,195 [INFO] PluginManage:310 - Check plugin updater
2024-04-19 21:51:27,221 [INFO] PluginManage:359 - Loaded plugin updater (category:base,tabindex:12)
2024-04-19 21:51:27,221 [INFO] PluginManage:310 - Check plugin userauth
2024-04-19 21:51:27,233 [INFO] UserAuth:113 - Init User Auth plugin
2024-04-19 21:51:27,234 [INFO] PluginManage:359 - Loaded plugin userauth (category:base,tabindex:14)
2024-04-19 21:51:27,235 [INFO] PluginManage:283 - PluginManage : Loaded plugins [17]
2024-04-19 21:51:27,790 [INFO] PinOutPanel:1499 - setPackage(No Configuration,No Configuration)
2024-04-19 21:51:27,997 [INFO] CADModel:165 - CPN selected for project level
2024-04-19 21:51:27,997 [INFO] CADModel:114 - Register for checkConnection events
2024-04-19 21:51:28,038 [INFO] IPUIPlugin:80 - create IPUIPlugin
2024-04-19 21:51:28,039 [INFO] PluginManager:220 - loadIPPluginJar : add adc
2024-04-19 21:51:28,100 [INFO] IPUIPlugin:80 - create IPUIPlugin
2024-04-19 21:51:28,100 [INFO] PluginManager:220 - loadIPPluginJar : add aes
2024-04-19 21:51:28,170 [INFO] IPUIPlugin:80 - create IPUIPlugin
2024-04-19 21:51:28,170 [INFO] PluginManager:220 - loadIPPluginJar : add can
2024-04-19 21:51:28,218 [INFO] IPUIPlugin:80 - create IPUIPlugin
2024-04-19 21:51:28,218 [INFO] PluginManager:220 - loadIPPluginJar : add comp
2024-04-19 21:51:28,317 [INFO] IPUIPlugin:80 - create IPUIPlugin
2024-04-19 21:51:28,317 [INFO] PluginManager:220 - loadIPPluginJar : add cryp
2024-04-19 21:51:28,407 [INFO] IPUIPlugin:80 - create IPUIPlugin
2024-04-19 21:51:28,408 [INFO] PluginManager:220 - loadIPPluginJar : add dfsdm
2024-04-19 21:51:28,454 [INFO] IPUIPlugin:80 - create IPUIPlugin
2024-04-19 21:51:28,455 [INFO] PluginManager:220 - loadIPPluginJar : add dma
2024-04-19 21:51:28,584 [INFO] IPUIPlugin:80 - create IPUIPlugin
2024-04-19 21:51:28,584 [INFO] PluginManager:220 - loadIPPluginJar : add dma3
2024-04-19 21:51:28,704 [INFO] IPUIPlugin:80 - create IPUIPlugin
2024-04-19 21:51:28,704 [INFO] PluginManager:220 - loadIPPluginJar : add fatfs
2024-04-19 21:51:28,825 [INFO] IPUIPlugin:80 - create IPUIPlugin
2024-04-19 21:51:28,825 [INFO] PluginManager:220 - loadIPPluginJar : add fmc
2024-04-19 21:51:28,935 [INFO] IPUIPlugin:80 - create IPUIPlugin
2024-04-19 21:51:28,935 [INFO] PluginManager:220 - loadIPPluginJar : add freertos
2024-04-19 21:51:28,976 [INFO] IPUIPlugin:80 - create IPUIPlugin
2024-04-19 21:51:28,976 [INFO] PluginManager:220 - loadIPPluginJar : add genericplugin
2024-04-19 21:51:29,156 [INFO] IPUIPlugin:80 - create IPUIPlugin
2024-04-19 21:51:29,213 [INFO] PluginManager:220 - loadIPPluginJar : add gfxmmu
2024-04-19 21:51:29,500 [INFO] IPUIPlugin:80 - create IPUIPlugin
2024-04-19 21:51:29,501 [INFO] PluginManager:220 - loadIPPluginJar : add gic
2024-04-19 21:51:29,615 [INFO] IPUIPlugin:80 - create IPUIPlugin
2024-04-19 21:51:29,615 [INFO] PluginManager:220 - loadIPPluginJar : add gpio
2024-04-19 21:51:29,690 [INFO] ThirdPartyUpdaterWithRetryManager:70 - Updater plugin not ready yet. [2/15]
2024-04-19 21:51:29,810 [INFO] IPUIPlugin:80 - create IPUIPlugin
2024-04-19 21:51:29,811 [INFO] PluginManager:220 - loadIPPluginJar : add gtzc
2024-04-19 21:51:29,965 [INFO] IPUIPlugin:80 - create IPUIPlugin
2024-04-19 21:51:29,965 [INFO] PluginManager:220 - loadIPPluginJar : add hash
2024-04-19 21:51:30,088 [INFO] IPUIPlugin:80 - create IPUIPlugin
2024-04-19 21:51:30,088 [INFO] PluginManager:220 - loadIPPluginJar : add i2c
2024-04-19 21:51:30,266 [INFO] IPUIPlugin:80 - create IPUIPlugin
2024-04-19 21:51:30,267 [INFO] PluginManager:220 - loadIPPluginJar : add i2s
2024-04-19 21:51:30,362 [INFO] IPUIPlugin:80 - create IPUIPlugin
2024-04-19 21:51:30,362 [INFO] PluginManager:220 - loadIPPluginJar : add i3c
2024-04-19 21:51:30,598 [INFO] IPUIPlugin:80 - create IPUIPlugin
2024-04-19 21:51:30,598 [INFO] PluginManager:220 - loadIPPluginJar : add ipddr
2024-04-19 21:51:30,828 [INFO] IPUIPlugin:80 - create IPUIPlugin
2024-04-19 21:51:30,829 [INFO] PluginManager:220 - loadIPPluginJar : add linkedlist
2024-04-19 21:51:30,921 [INFO] IPUIPlugin:80 - create IPUIPlugin
2024-04-19 21:51:30,921 [INFO] PluginManager:220 - loadIPPluginJar : add lorawan
2024-04-19 21:51:31,020 [INFO] IPUIPlugin:80 - create IPUIPlugin
2024-04-19 21:51:31,020 [INFO] PluginManager:220 - loadIPPluginJar : add ltdc
2024-04-19 21:51:31,054 [INFO] IPUIPlugin:80 - create IPUIPlugin
2024-04-19 21:51:31,054 [INFO] PluginManager:220 - loadIPPluginJar : add mdma
2024-04-19 21:51:31,085 [INFO] IPUIPlugin:80 - create IPUIPlugin
2024-04-19 21:51:31,086 [INFO] PluginManager:220 - loadIPPluginJar : add nvic
2024-04-19 21:51:31,199 [INFO] IPUIPlugin:80 - create IPUIPlugin
2024-04-19 21:51:31,199 [INFO] PluginManager:220 - loadIPPluginJar : add opamp
2024-04-19 21:51:31,320 [INFO] IPUIPlugin:80 - create IPUIPlugin
2024-04-19 21:51:31,320 [INFO] PluginManager:220 - loadIPPluginJar : add openamp
2024-04-19 21:51:31,401 [INFO] IPUIPlugin:80 - create IPUIPlugin
2024-04-19 21:51:31,402 [INFO] PluginManager:220 - loadIPPluginJar : add pdm2pcm
2024-04-19 21:51:31,422 [INFO] IPUIPlugin:80 - create IPUIPlugin
2024-04-19 21:51:31,425 [INFO] PluginManager:220 - loadIPPluginJar : add plateformsettings
2024-04-19 21:51:31,461 [INFO] IPUIPlugin:80 - create IPUIPlugin
2024-04-19 21:51:31,461 [INFO] PluginManager:220 - loadIPPluginJar : add quadspi
2024-04-19 21:51:31,481 [INFO] IPUIPlugin:80 - create IPUIPlugin
2024-04-19 21:51:31,481 [INFO] PluginManager:220 - loadIPPluginJar : add resmgrutility
2024-04-19 21:51:31,593 [INFO] IPUIPlugin:80 - create IPUIPlugin
2024-04-19 21:51:31,593 [INFO] PluginManager:220 - loadIPPluginJar : add sai
2024-04-19 21:51:31,673 [INFO] IPUIPlugin:80 - create IPUIPlugin
2024-04-19 21:51:31,673 [INFO] PluginManager:220 - loadIPPluginJar : add spi
2024-04-19 21:51:31,796 [INFO] IPUIPlugin:80 - create IPUIPlugin
2024-04-19 21:51:31,796 [INFO] PluginManager:220 - loadIPPluginJar : add stm32_wpan
2024-04-19 21:51:31,849 [INFO] IPUIPlugin:80 - create IPUIPlugin
2024-04-19 21:51:31,849 [INFO] PluginManager:220 - loadIPPluginJar : add tim
2024-04-19 21:51:31,962 [INFO] IPUIPlugin:80 - create IPUIPlugin
2024-04-19 21:51:31,962 [INFO] PluginManager:220 - loadIPPluginJar : add touchsensing
2024-04-19 21:51:32,005 [INFO] IPUIPlugin:80 - create IPUIPlugin
2024-04-19 21:51:32,006 [INFO] PluginManager:220 - loadIPPluginJar : add tracer_emb
2024-04-19 21:51:32,054 [INFO] IPUIPlugin:80 - create IPUIPlugin
2024-04-19 21:51:32,054 [INFO] PluginManager:220 - loadIPPluginJar : add ts
2024-04-19 21:51:32,095 [INFO] IPUIPlugin:80 - create IPUIPlugin
2024-04-19 21:51:32,096 [INFO] PluginManager:220 - loadIPPluginJar : add tsc
2024-04-19 21:51:32,145 [INFO] IPUIPlugin:80 - create IPUIPlugin
2024-04-19 21:51:32,145 [INFO] PluginManager:220 - loadIPPluginJar : add ucpd
2024-04-19 21:51:32,223 [INFO] IPUIPlugin:80 - create IPUIPlugin
2024-04-19 21:51:32,223 [INFO] PluginManager:220 - loadIPPluginJar : add usart
2024-04-19 21:51:32,294 [INFO] IPUIPlugin:80 - create IPUIPlugin
2024-04-19 21:51:32,294 [INFO] PluginManager:220 - loadIPPluginJar : add usbx
2024-04-19 21:51:32,500 [INFO] CADModel:165 - CPN selected for project level
2024-04-19 21:51:32,501 [INFO] CADModel:114 - Register for checkConnection events
2024-04-19 21:51:32,501 [FATAL] Updater:308 - Updater called before beeing initialized
2024-04-19 21:51:32,502 [ERROR] CADModel:125 - Updater not yet initialized, retry later 
2024-04-19 21:51:32,691 [INFO] ThirdPartyUpdaterWithRetryManager:70 - Updater plugin not ready yet. [3/15]
2024-04-19 21:51:32,925 [INFO] CADModel:165 - CPN selected for project level
2024-04-19 21:51:32,925 [INFO] CADModel:114 - Register for checkConnection events
2024-04-19 21:51:32,925 [FATAL] Updater:308 - Updater called before beeing initialized
2024-04-19 21:51:32,926 [ERROR] CADModel:125 - Updater not yet initialized, retry later 
2024-04-19 21:51:32,935 [FATAL] Updater:308 - Updater called before beeing initialized
2024-04-19 21:51:33,169 [FATAL] Updater:308 - Updater called before beeing initialized
2024-04-19 21:51:33,203 [INFO] DbMcusAds:53 - JSON generation date=Wed Nov 29 11:52:27 CET 2023 (1701255147349)
2024-04-19 21:51:33,203 [FATAL] Updater:308 - Updater called before beeing initialized
2024-04-19 21:51:33,423 [WARN] DetailPanel:346 - Failed to get advertising image, set to default
2024-04-19 21:51:33,702 [FATAL] Updater:308 - Updater called before beeing initialized
2024-04-19 21:51:33,706 [FATAL] Updater:308 - Updater called before beeing initialized
2024-04-19 21:51:33,706 [FATAL] Updater:308 - Updater called before beeing initialized
2024-04-19 21:51:33,706 [WARN] DetailPanel:346 - Failed to get advertising image, set to default
2024-04-19 21:51:33,707 [FATAL] Updater:308 - Updater called before beeing initialized
2024-04-19 21:51:33,885 [ERROR] Updater:1120 - MainUpdater not yet initialized. External WinMGr cannot be set.
2024-04-19 21:51:33,923 [INFO] Updater:1056 - Updater Version found : 6.9.1
2024-04-19 21:51:33,994 [INFO] ApplicationProperties:184 - Using Application install path: D:\ST\STM32CubeIDE_1.13.1\STM32CubeIDE\plugins\com.st.stm32cube.common.mx_6.9.1.202307191849
2024-04-19 21:51:34,518 [INFO] MainUpdater:2868 - connection check result : 10
2024-04-19 21:51:34,519 [INFO] MainUpdater:285 - Updater Check For Update Now.
2024-04-19 21:51:34,519 [INFO] MicroXplorer:498 - Change Database Version : DB.6.0.91
2024-04-19 21:51:34,567 [INFO] McuFinderGlobals:63 - Set McuFinder mode to 2 (CubeIDE integrated)
2024-04-19 21:51:34,568 [INFO] UserAuth:179 - activating auth plugin
2024-04-19 21:51:34,576 [INFO] UserAuth:393 - Internet connection configuration mode: 1
2024-04-19 21:51:34,644 [INFO] JxBrowserEngine:151 - Initiate JxBrowser Engine with user profile folder
2024-04-19 21:51:34,883 [INFO] CheckServerUpdateThread:120 - End of CheckServer Thread
2024-04-19 21:51:36,101 [WARN] PackLoader:240 - Cannot read IP mode file for STMicroelectronics.FP-SNS-MOTENVWB1.1.4.0
2024-04-19 21:51:36,158 [WARN] PackLoader:240 - Cannot read IP mode file for STMicroelectronics.X-CUBE-SMBUS.2.1.0
2024-04-19 21:51:36,191 [WARN] PackLoader:240 - Cannot read IP mode file for STMicroelectronics.X-CUBE-TOUCHGFX.4.23.0
2024-04-19 21:51:36,216 [WARN] PackLoader:240 - Cannot read IP mode file for STMicroelectronics.X-CUBE-TOUCHGFX.4.23.2
2024-04-19 21:51:36,373 [WARN] PackLoader:240 - Cannot read IP mode file for STMicroelectronics.X-CUBE-AZRTOS-F7.1.1.0
2024-04-19 21:51:36,448 [WARN] PackLoader:240 - Cannot read IP mode file for STMicroelectronics.FP-SNS-MOTENV1.4.3.2
2024-04-19 21:51:36,480 [WARN] PackLoader:240 - Cannot read IP mode file for STMicroelectronics.FP-SNS-FLIGHT1.5.0.2
2024-04-19 21:51:36,518 [WARN] PackLoader:240 - Cannot read IP mode file for STMicroelectronics.X-CUBE-DISPLAY.3.0.0
2024-04-19 21:51:36,564 [WARN] PackLoader:240 - Cannot read IP mode file for STMicroelectronics.X-CUBE-BLE1.7.0.0
2024-04-19 21:51:36,596 [WARN] PackLoader:240 - Cannot read IP mode file for emotas.I-CUBE-CANOPEN.1.3.0
2024-04-19 21:51:36,620 [WARN] PackLoader:240 - Cannot read IP mode file for STMicroelectronics.X-CUBE-TOUCHGFX.4.22.0
2024-04-19 21:51:36,653 [WARN] PackLoader:240 - Cannot read IP mode file for STMicroelectronics.X-CUBE-BLEMGR.3.1.0
2024-04-19 21:51:36,684 [WARN] PackLoader:240 - Cannot read IP mode file for STMicroelectronics.FP-SNS-SMARTAG2.1.2.0
2024-04-19 21:51:36,729 [INFO] LogOutputStream:77 - [STDOUT_REDIRECT] 1 : Invalid condition id : UX_CORESTACK_Condition cause : null
2024-04-19 21:51:36,730 [INFO] LogOutputStream:77 - [STDOUT_REDIRECT] 1 : Invalid condition id : UX_CORESTACK_Condition cause : null
2024-04-19 21:51:36,734 [INFO] LogOutputStream:77 - [STDOUT_REDIRECT] 1 : Invalid condition id : UX_CORESTACK_Condition cause : null
2024-04-19 21:51:36,738 [INFO] LogOutputStream:77 - [STDOUT_REDIRECT] 1 : Invalid condition id : UX_CORESTACK_Condition cause : null
2024-04-19 21:51:36,742 [INFO] LogOutputStream:77 - [STDOUT_REDIRECT] 1 : Invalid condition id : UX_CORESTACK_Condition cause : null
2024-04-19 21:51:36,748 [WARN] PackLoader:240 - Cannot read IP mode file for STMicroelectronics.X-CUBE-AZRTOS-WL.2.0.0
2024-04-19 21:51:36,778 [WARN] PackLoader:240 - Cannot read IP mode file for STMicroelectronics.FP-SNS-MOTENV1.5.0.0
2024-04-19 21:51:36,817 [WARN] PackLoader:240 - Cannot read IP mode file for WES.I-CUBE-Cesium.1.3.0
2024-04-19 21:51:36,838 [WARN] PackLoader:240 - Cannot read IP mode file for STMicroelectronics.X-CUBE-BLE2.3.3.0
2024-04-19 21:51:36,863 [WARN] PackLoader:240 - Cannot read IP mode file for STMicroelectronics.X-CUBE-TCPP.4.1.0
2024-04-19 21:51:36,895 [WARN] PackLoader:240 - Cannot read IP mode file for STMicroelectronics.X-CUBE-ALGOBUILD.1.3.0
2024-04-19 21:51:36,953 [WARN] PackLoader:240 - Cannot read IP mode file for STMicroelectronics.X-CUBE-AZRTOS-G0.1.1.0
2024-04-19 21:51:36,986 [WARN] PackLoader:240 - Cannot read IP mode file for STMicroelectronics.X-CUBE-SAFEA1.1.2.2
2024-04-19 21:51:37,016 [WARN] PackLoader:240 - Cannot read IP mode file for STMicroelectronics.X-CUBE-NFC4.3.0.0
2024-04-19 21:51:37,044 [WARN] PackLoader:240 - Cannot read IP mode file for STMicroelectronics.FP-ATR-SIGFOX1.3.2.0
2024-04-19 21:51:37,072 [WARN] PackLoader:240 - Cannot read IP mode file for STMicroelectronics.X-CUBE-EEPRMA1.5.1.0
2024-04-19 21:51:37,163 [WARN] PackLoader:240 - Cannot read IP mode file for SEGGER.I-CUBE-embOS.1.3.1
2024-04-19 21:51:37,268 [WARN] PackLoader:240 - Cannot read IP mode file for STMicroelectronics.X-CUBE-GNSS1.6.0.0
2024-04-19 21:51:37,323 [WARN] PackLoader:240 - Cannot read IP mode file for STMicroelectronics.X-CUBE-AZRTOS-F4.1.1.0
2024-04-19 21:51:37,353 [WARN] PackLoader:240 - Cannot read IP mode file for wolfSSL.I-CUBE-wolfSSL.5.6.3
2024-04-19 21:51:37,427 [WARN] PackLoader:240 - Cannot read IP mode file for STMicroelectronics.X-CUBE-AZRTOS-L5.2.0.0
2024-04-19 21:51:37,550 [WARN] PackLoader:240 - Cannot read IP mode file for STMicroelectronics.X-CUBE-MEMS1.9.6.0
2024-04-19 21:51:37,900 [WARN] PackLoader:240 - Cannot read IP mode file for STMicroelectronics.X-CUBE-NFC6.3.1.0
2024-04-19 21:51:37,939 [WARN] PackLoader:240 - Cannot read IP mode file for ITTIA_DB.I-CUBE-ITTIADB.8.8.0
2024-04-19 21:51:37,980 [WARN] PackLoader:240 - Cannot read IP mode file for STMicroelectronics.X-CUBE-BLEMGR.2.0.0
2024-04-19 21:51:38,020 [WARN] PackLoader:240 - Cannot read IP mode file for STMicroelectronics.X-CUBE-AI.9.0.0
2024-04-19 21:51:38,089 [WARN] ConditionMgr:438 - getConditionDescription Invalid condition id : UX DEVICE CLASS RTOS Condition cause : null
2024-04-19 21:51:38,089 [WARN] ConditionMgr:438 - getConditionDescription Invalid condition id : UX DEVICE CLASS RTOS Condition cause : null
2024-04-19 21:51:38,097 [WARN] PackLoader:240 - Cannot read IP mode file for STMicroelectronics.X-CUBE-AZRTOS-H7.3.1.0
2024-04-19 21:51:38,099 [WARN] ConditionMgr:1039 - genDependencies : Invalid condition id : UX DEVICE CLASS RTOS Condition cause : null
2024-04-19 21:51:38,100 [WARN] ConditionMgr:1039 - genDependencies : Invalid condition id : UX DEVICE CLASS RTOS Condition cause : null
2024-04-19 21:51:38,101 [WARN] ConditionMgr:1039 - genDependencies : Invalid condition id : UX DEVICE CLASS RTOS Condition cause : null
2024-04-19 21:51:38,102 [WARN] ConditionMgr:1039 - genDependencies : Invalid condition id : UX DEVICE CLASS RTOS Condition cause : null
2024-04-19 21:51:38,102 [WARN] ConditionMgr:1039 - genDependencies : Invalid condition id : UX DEVICE CLASS RTOS Condition cause : null
2024-04-19 21:51:38,141 [WARN] PackLoader:240 - Cannot read IP mode file for STMicroelectronics.X-CUBE-NFC7.1.0.1
2024-04-19 21:51:38,172 [WARN] PackLoader:240 - Cannot read IP mode file for STMicroelectronics.X-CUBE-EEPRMA1.4.1.0
2024-04-19 21:51:38,196 [WARN] PackLoader:240 - Cannot read IP mode file for STMicroelectronics.X-CUBE-AI.8.1.0
2024-04-19 21:51:38,250 [WARN] ConditionMgr:438 - getConditionDescription Invalid condition id : LAN8742 Phy interface Condition cause : null
2024-04-19 21:51:38,253 [WARN] PackLoader:240 - Cannot read IP mode file for STMicroelectronics.X-CUBE-AZRTOS-L4.2.0.0
2024-04-19 21:51:38,254 [WARN] ConditionMgr:1039 - genDependencies : Invalid condition id : LAN8742 Phy interface Condition cause : null
2024-04-19 21:51:38,255 [WARN] ConditionMgr:1039 - genDependencies : Invalid condition id : LAN8742 Phy interface Condition cause : null
2024-04-19 21:51:38,257 [WARN] ConditionMgr:1039 - genDependencies : Invalid condition id : LAN8742 Phy interface Condition cause : null
2024-04-19 21:51:38,293 [WARN] PackLoader:240 - Cannot read IP mode file for STMicroelectronics.X-CUBE-SFXS2LP1.4.0.0
2024-04-19 21:51:38,318 [WARN] PackLoader:240 - Cannot read IP mode file for STMicroelectronics.X-CUBE-ISPU.1.1.0
2024-04-19 21:51:38,366 [WARN] ConditionMgr:438 - getConditionDescription Invalid condition id : UX DEVICE CLASS RTOS Condition cause : null
2024-04-19 21:51:38,367 [WARN] ConditionMgr:438 - getConditionDescription Invalid condition id : UX DEVICE CLASS RTOS Condition cause : null
2024-04-19 21:51:38,371 [WARN] PackLoader:240 - Cannot read IP mode file for STMicroelectronics.X-CUBE-AZRTOS-WB.2.0.0
2024-04-19 21:51:38,372 [WARN] ConditionMgr:1039 - genDependencies : Invalid condition id : UX DEVICE CLASS RTOS Condition cause : null
2024-04-19 21:51:38,372 [WARN] ConditionMgr:1039 - genDependencies : Invalid condition id : UX DEVICE CLASS RTOS Condition cause : null
2024-04-19 21:51:38,374 [WARN] ConditionMgr:1039 - genDependencies : Invalid condition id : UX DEVICE CLASS RTOS Condition cause : null
2024-04-19 21:51:38,374 [WARN] ConditionMgr:1039 - genDependencies : Invalid condition id : UX DEVICE CLASS RTOS Condition cause : null
2024-04-19 21:51:38,374 [WARN] ConditionMgr:1039 - genDependencies : Invalid condition id : UX DEVICE CLASS RTOS Condition cause : null
2024-04-19 21:51:38,398 [WARN] PackLoader:240 - Cannot read IP mode file for STMicroelectronics.X-CUBE-FREERTOS.1.0.1
2024-04-19 21:51:38,435 [WARN] PackLoader:240 - Cannot read IP mode file for STMicroelectronics.X-CUBE-SUBG2.5.0.0
2024-04-19 21:51:38,484 [WARN] PackLoader:240 - Cannot read IP mode file for STMicroelectronics.X-CUBE-TOF1.3.3.1
2024-04-19 21:51:38,551 [WARN] PackLoader:240 - Cannot read IP mode file for STMicroelectronics.X-CUBE-AZRTOS-G4.2.0.0
2024-04-19 21:51:38,598 [WARN] PackLoader:240 - Cannot read IP mode file for Infineon.AIROC-Wi-Fi-Bluetooth-STM32.1.5.1
2024-04-19 21:51:38,627 [WARN] PackLoader:240 - Cannot read IP mode file for STMicroelectronics.FP-SNS-MOTENVWB1.1.3.1
2024-04-19 21:51:38,649 [WARN] PackLoader:240 - Cannot read IP mode file for STMicroelectronics.X-CUBE-ISPU.2.0.0
2024-04-19 21:51:38,755 [WARN] PackLoader:240 - Cannot read IP mode file for STMicroelectronics.X-CUBE-MEMS1.10.0.0
2024-04-19 21:51:39,076 [WARN] PackLoader:240 - Cannot read IP mode file for STMicroelectronics.X-CUBE-FREERTOS.1.1.0
2024-04-19 21:51:39,102 [WARN] PackLoader:240 - Cannot read IP mode file for portGmbH.I-Cube-SoM-uGOAL.1.1.0
2024-04-19 21:51:39,175 [WARN] PackLoader:240 - Cannot read IP mode file for STMicroelectronics.X-CUBE-ALS.1.0.1
2024-04-19 21:51:39,311 [WARN] PackLoader:240 - Cannot read IP mode file for STMicroelectronics.X-CUBE-AZRTOS-H7RS.1.0.0
2024-04-19 21:51:39,395 [WARN] PackLoader:240 - Cannot read IP mode file for STMicroelectronics.FP-ATR-ASTRA1.2.0.0
2024-04-19 21:51:39,546 [WARN] PackLoader:240 - Cannot read IP mode file for STMicroelectronics.X-CUBE-TOF1.3.4.1
2024-04-19 21:51:39,628 [WARN] PackLoader:240 - Cannot read IP mode file for STMicroelectronics.X-CUBE-AZRTOS-H7.3.2.0
2024-04-19 21:51:39,634 [INFO] ThirdParty:978 - Integrity check success = true
2024-04-19 21:51:39,634 [INFO] IntegrityCheckThread:100 - exiting critical section [integrity check]
2024-04-19 21:51:39,634 [INFO] IntegrityCheckThread:103 - End integrity checks thread
2024-04-19 21:51:40,786 [INFO] WebApp:157 - Instantiating new browser for Auth
2024-04-19 21:51:42,057 [INFO] WebApp:753 - Register for checkConnection events
2024-04-19 21:51:42,057 [INFO] WebApp:390 - Apply proxy settings
2024-04-19 21:51:42,058 [INFO] WebApp:475 - Chromium requires no authentication
2024-04-19 21:51:42,074 [INFO] WebApp:418 - Direct internet connection detected
2024-04-19 21:51:42,419 [INFO] WebApp:188 - Starting web application
2024-04-19 21:51:42,419 [INFO] WebApp:520 - Web application path used D:\ST\STM32CubeIDE_1.13.1\STM32CubeIDE\plugins\com.st.stm32cube.common.mx_6.9.1.202307191849\db\plugins\mcufinder\reactClient1\index.html
2024-04-19 21:52:04,565 [ERROR] LogOutputStream:75 - [STDERR_REDIRECT] SLF4J: Failed to load class "org.slf4j.impl.StaticLoggerBinder".
2024-04-19 21:52:04,566 [ERROR] LogOutputStream:75 - [STDERR_REDIRECT] SLF4J: Defaulting to no-operation (NOP) logger implementation
2024-04-19 21:52:04,569 [ERROR] LogOutputStream:75 - [STDERR_REDIRECT] SLF4J: See http://www.slf4j.org/codes.html#StaticLoggerBinder for further details.
