2024-04-21 20:44:39,364 [ERROR] LogOutputStream:75 - [STDERR_REDIRECT] 
2024-04-21 20:46:37,180 [INFO] Activator:176 - 


2024-04-21 20:46:37,193 [INFO] Activator:177 - !SESSION log4j initialized
2024-04-21 20:46:44,148 [INFO] LogOutputStream:77 - [STDOUT_REDIRECT] 
2024-04-21 20:46:45,469 [INFO] ApplicationProperties:184 - Using Application install path: D:\ST\STM32CubeIDE_1.13.1\STM32CubeIDE\plugins\com.st.stm32cube.common.mx_6.9.1.202307191849
2024-04-21 20:46:45,498 [INFO] DbMcusXml:78 - Set database path to: D:\ST\STM32CubeIDE_1.13.1\STM32CubeIDE\plugins\com.st.stm32cube.common.mx_6.9.1.202307191849\\db\/mcu/
2024-04-21 20:46:45,499 [INFO] ApiDb:274 - Set plugin database path to: D:\ST\STM32CubeIDE_1.13.1\STM32CubeIDE\plugins\com.st.stm32cube.common.mx_6.9.1.202307191849\\db\/plugins/boardmanager/
2024-04-21 20:46:45,500 [WARN] ApiDb:259 - Overriding images path with different value:  => D:\ST\STM32CubeIDE_1.13.1\STM32CubeIDE\plugins\com.st.stm32cube.common.mx_6.9.1.202307191849\\db\/plugins/mcufinder/images/
2024-04-21 20:46:45,518 [INFO] ApiDb:250 - Set database path to: C:\Users\User\.stmcufinder\plugins\mcufinder//mcu/
2024-04-21 20:46:45,521 [INFO] DbMcusAds:125 - Set database path to: C:\Users\User\.stmcufinder\plugins\mcufinder//mcu/
2024-04-21 20:46:45,526 [INFO] CrossReferenceDbSqlite:203 - Set database path to: C:\Users\User\.stmcufinder\plugins\mcufinder//mcu/cs/
2024-04-21 20:46:45,738 [INFO] RulesReader:64 - Compatibility file has been processed (293 Rules)
2024-04-21 20:46:45,869 [INFO] DbMcusXml:78 - Set database path to: D:\ST\STM32CubeIDE_1.13.1\STM32CubeIDE\plugins\com.st.stm32cube.common.mx_6.9.1.202307191849\\db\/mcu/
2024-04-21 20:46:45,870 [INFO] ApiDb:274 - Set plugin database path to: D:\ST\STM32CubeIDE_1.13.1\STM32CubeIDE\plugins\com.st.stm32cube.common.mx_6.9.1.202307191849\\db\/plugins/boardmanager/
2024-04-21 20:46:45,870 [INFO] ApiDb:261 - Set plugin images path to: D:\ST\STM32CubeIDE_1.13.1\STM32CubeIDE\plugins\com.st.stm32cube.common.mx_6.9.1.202307191849\\db\/plugins/mcufinder/images/
2024-04-21 20:46:45,870 [WARN] DbFile:41 - Overriding database path with different value: C:\Users\User\.stmcufinder\plugins\mcufinder/ => C:\Users\User\.stmcufinder\plugins\mcufinder
2024-04-21 20:46:45,871 [INFO] ApiDb:250 - Set database path to: C:\Users\User\.stmcufinder\plugins\mcufinder//mcu/
2024-04-21 20:46:45,871 [WARN] DbFile:41 - Overriding database path with different value: C:\Users\User\.stmcufinder\plugins\mcufinder/ => C:\Users\User\.stmcufinder\plugins\mcufinder
2024-04-21 20:46:45,871 [INFO] DbMcusAds:125 - Set database path to: C:\Users\User\.stmcufinder\plugins\mcufinder//mcu/
2024-04-21 20:46:45,871 [WARN] DbFile:41 - Overriding database path with different value: C:\Users\User\.stmcufinder\plugins\mcufinder/ => C:\Users\User\.stmcufinder\plugins\mcufinder
2024-04-21 20:46:45,871 [WARN] DbFile:41 - Overriding database path with different value: C:\Users\User\.stmcufinder\plugins\mcufinder/ => C:\Users\User\.stmcufinder\plugins\mcufinder
2024-04-21 20:46:45,871 [INFO] CrossReferenceDbSqlite:203 - Set database path to: C:\Users\User\.stmcufinder\plugins\mcufinder//mcu/cs/
2024-04-21 20:46:45,968 [INFO] MainPanel:262 - HeapMemory: 268435456
2024-04-21 20:46:46,045 [INFO] DbMcusXml:78 - Set database path to: D:\ST\STM32CubeIDE_1.13.1\STM32CubeIDE\plugins\com.st.stm32cube.common.mx_6.9.1.202307191849\\db\/mcu/
2024-04-21 20:46:46,045 [INFO] ApiDb:274 - Set plugin database path to: D:\ST\STM32CubeIDE_1.13.1\STM32CubeIDE\plugins\com.st.stm32cube.common.mx_6.9.1.202307191849\\db\/plugins/boardmanager/
2024-04-21 20:46:46,045 [INFO] ApiDb:261 - Set plugin images path to: D:\ST\STM32CubeIDE_1.13.1\STM32CubeIDE\plugins\com.st.stm32cube.common.mx_6.9.1.202307191849\\db\/plugins/mcufinder/images/
2024-04-21 20:46:46,046 [WARN] DbFile:41 - Overriding database path with different value: C:\Users\User\.stmcufinder\plugins\mcufinder/ => C:\Users\User\.stmcufinder\plugins\mcufinder
2024-04-21 20:46:46,046 [INFO] ApiDb:250 - Set database path to: C:\Users\User\.stmcufinder\plugins\mcufinder//mcu/
2024-04-21 20:46:46,046 [WARN] DbFile:41 - Overriding database path with different value: C:\Users\User\.stmcufinder\plugins\mcufinder/ => C:\Users\User\.stmcufinder\plugins\mcufinder
2024-04-21 20:46:46,046 [INFO] DbMcusAds:125 - Set database path to: C:\Users\User\.stmcufinder\plugins\mcufinder//mcu/
2024-04-21 20:46:46,046 [WARN] DbFile:41 - Overriding database path with different value: C:\Users\User\.stmcufinder\plugins\mcufinder/ => C:\Users\User\.stmcufinder\plugins\mcufinder
2024-04-21 20:46:46,046 [WARN] DbFile:41 - Overriding database path with different value: C:\Users\User\.stmcufinder\plugins\mcufinder/ => C:\Users\User\.stmcufinder\plugins\mcufinder
2024-04-21 20:46:46,046 [INFO] CrossReferenceDbSqlite:203 - Set database path to: C:\Users\User\.stmcufinder\plugins\mcufinder//mcu/cs/
2024-04-21 20:46:46,066 [INFO] ApplicationProperties:184 - Using Application install path: D:\ST\STM32CubeIDE_1.13.1\STM32CubeIDE\plugins\com.st.stm32cube.common.mx_6.9.1.202307191849
2024-04-21 20:46:46,068 [INFO] PluginManage:196 - Search for loadable plugins [exclusion list=, ]
2024-04-21 20:46:46,069 [INFO] PluginManage:310 - Check plugin analytics
2024-04-21 20:46:46,309 [INFO] AnalyticsPlugin:253 - Accepted Software Licenses: 
2024-04-21 20:46:46,310 [INFO] AnalyticsPlugin:255 - Accepted CMSIS Pack Licenses: 
2024-04-21 20:46:46,310 [INFO] AnalyticsPlugin:257 - Accepted Firmware Licenses: 
2024-04-21 20:46:46,314 [INFO] PluginManage:359 - Loaded plugin analytics (category:tool,tabindex:-1)
2024-04-21 20:46:46,315 [INFO] PluginManage:310 - Check plugin cadmodel
2024-04-21 20:46:46,321 [INFO] CADModel:105 - Init CAD model plugin
2024-04-21 20:46:46,321 [INFO] PluginManage:359 - Loaded plugin cadmodel (category:power,tabindex:5)
2024-04-21 20:46:46,322 [INFO] PluginManage:310 - Check plugin clock
2024-04-21 20:46:46,334 [INFO] PluginManage:359 - Loaded plugin clock (category:base,tabindex:2)
2024-04-21 20:46:46,334 [INFO] PluginManage:310 - Check plugin ddr
2024-04-21 20:46:46,337 [INFO] PluginManage:359 - Loaded plugin ddr (category:tool,tabindex:6)
2024-04-21 20:46:46,337 [INFO] PluginManage:310 - Check plugin filemanager
2024-04-21 20:46:46,548 [INFO] PluginManage:359 - Loaded plugin filemanager (category:base,tabindex:10)
2024-04-21 20:46:46,549 [INFO] PluginManage:310 - Check plugin ipmanager
2024-04-21 20:46:46,559 [INFO] PluginManage:359 - Loaded plugin ipmanager (category:base,tabindex:5)
2024-04-21 20:46:46,560 [INFO] PluginManage:310 - Check plugin lpbam
2024-04-21 20:46:46,575 [INFO] PluginManage:359 - Loaded plugin lpbam (category:base,tabindex:0)
2024-04-21 20:46:46,575 [INFO] PluginManage:310 - Check plugin memorymap
2024-04-21 20:46:46,594 [INFO] PluginManage:359 - Loaded plugin memorymap (category:base,tabindex:4)
2024-04-21 20:46:46,595 [INFO] PluginManage:310 - Check plugin pinoutandconfiguration
2024-04-21 20:46:46,603 [INFO] PluginManage:359 - Loaded plugin pinoutandconfiguration (category:base,tabindex:1)
2024-04-21 20:46:46,604 [INFO] PluginManage:310 - Check plugin pinoutconfig
2024-04-21 20:46:46,722 [WARN] SupportedApi:132 - Cannot load RTOS API schema: s4s-elt-must-match.1: The content of 'definitions' must match (annotation?, (simpleType | complexType)?, (unique | key | keyref)*)). A problem was found starting at: attribute.
2024-04-21 20:46:46,892 [INFO] PluginManage:359 - Loaded plugin pinoutconfig (category:base,tabindex:0)
2024-04-21 20:46:46,892 [INFO] PluginManage:310 - Check plugin power
2024-04-21 20:46:46,903 [INFO] PluginManage:359 - Loaded plugin power (category:power,tabindex:4)
2024-04-21 20:46:46,904 [INFO] PluginManage:310 - Check plugin projectmanager
2024-04-21 20:46:46,927 [INFO] PluginManage:359 - Loaded plugin projectmanager (category:projectmanager,tabindex:3)
2024-04-21 20:46:46,927 [INFO] PluginManage:310 - Check plugin thirdparty
2024-04-21 20:46:47,082 [INFO] PluginManage:359 - Loaded plugin thirdparty (category:base,tabindex:-1)
2024-04-21 20:46:47,082 [WARN] IntegrityCheckThread:84 - waiting for thirdparty lock release [integrity check]
2024-04-21 20:46:47,082 [INFO] PluginManage:310 - Check plugin tools
2024-04-21 20:46:47,082 [INFO] IntegrityCheckThread:86 - entering critical section [integrity check]
2024-04-21 20:46:47,083 [INFO] ThirdPartyUpdaterWithRetryManager:70 - Updater plugin not ready yet. [1/15]
2024-04-21 20:46:47,085 [INFO] PluginManage:359 - Loaded plugin tools (category:base,tabindex:7)
2024-04-21 20:46:47,086 [INFO] PluginManage:310 - Check plugin tutovideos
2024-04-21 20:46:47,284 [INFO] PluginManage:359 - Loaded plugin tutovideos (category:base,tabindex:-1)
2024-04-21 20:46:47,284 [INFO] PluginManage:310 - Check plugin updater
2024-04-21 20:46:47,296 [INFO] PluginManage:359 - Loaded plugin updater (category:base,tabindex:12)
2024-04-21 20:46:47,297 [INFO] PluginManage:310 - Check plugin userauth
2024-04-21 20:46:47,302 [INFO] UserAuth:113 - Init User Auth plugin
2024-04-21 20:46:47,302 [INFO] PluginManage:359 - Loaded plugin userauth (category:base,tabindex:14)
2024-04-21 20:46:47,303 [INFO] PluginManage:283 - PluginManage : Loaded plugins [17]
2024-04-21 20:46:47,601 [INFO] PinOutPanel:1499 - setPackage(No Configuration,No Configuration)
2024-04-21 20:46:47,716 [INFO] CADModel:165 - CPN selected for project level
2024-04-21 20:46:47,716 [INFO] CADModel:114 - Register for checkConnection events
2024-04-21 20:46:47,731 [INFO] IPUIPlugin:80 - create IPUIPlugin
2024-04-21 20:46:47,731 [INFO] PluginManager:220 - loadIPPluginJar : add adc
2024-04-21 20:46:47,733 [INFO] IPUIPlugin:80 - create IPUIPlugin
2024-04-21 20:46:47,733 [INFO] PluginManager:220 - loadIPPluginJar : add aes
2024-04-21 20:46:47,735 [INFO] IPUIPlugin:80 - create IPUIPlugin
2024-04-21 20:46:47,735 [INFO] PluginManager:220 - loadIPPluginJar : add can
2024-04-21 20:46:47,736 [INFO] IPUIPlugin:80 - create IPUIPlugin
2024-04-21 20:46:47,736 [INFO] PluginManager:220 - loadIPPluginJar : add comp
2024-04-21 20:46:47,738 [INFO] IPUIPlugin:80 - create IPUIPlugin
2024-04-21 20:46:47,738 [INFO] PluginManager:220 - loadIPPluginJar : add cryp
2024-04-21 20:46:47,739 [INFO] IPUIPlugin:80 - create IPUIPlugin
2024-04-21 20:46:47,740 [INFO] PluginManager:220 - loadIPPluginJar : add dfsdm
2024-04-21 20:46:47,744 [INFO] IPUIPlugin:80 - create IPUIPlugin
2024-04-21 20:46:47,744 [INFO] PluginManager:220 - loadIPPluginJar : add dma
2024-04-21 20:46:47,746 [INFO] IPUIPlugin:80 - create IPUIPlugin
2024-04-21 20:46:47,746 [INFO] PluginManager:220 - loadIPPluginJar : add dma3
2024-04-21 20:46:47,748 [INFO] IPUIPlugin:80 - create IPUIPlugin
2024-04-21 20:46:47,748 [INFO] PluginManager:220 - loadIPPluginJar : add fatfs
2024-04-21 20:46:47,752 [INFO] IPUIPlugin:80 - create IPUIPlugin
2024-04-21 20:46:47,752 [INFO] PluginManager:220 - loadIPPluginJar : add fmc
2024-04-21 20:46:47,758 [INFO] IPUIPlugin:80 - create IPUIPlugin
2024-04-21 20:46:47,758 [INFO] PluginManager:220 - loadIPPluginJar : add freertos
2024-04-21 20:46:47,760 [INFO] IPUIPlugin:80 - create IPUIPlugin
2024-04-21 20:46:47,760 [INFO] PluginManager:220 - loadIPPluginJar : add genericplugin
2024-04-21 20:46:47,763 [INFO] IPUIPlugin:80 - create IPUIPlugin
2024-04-21 20:46:47,763 [INFO] PluginManager:220 - loadIPPluginJar : add gfxmmu
2024-04-21 20:46:47,769 [INFO] IPUIPlugin:80 - create IPUIPlugin
2024-04-21 20:46:47,769 [INFO] PluginManager:220 - loadIPPluginJar : add gic
2024-04-21 20:46:47,773 [INFO] IPUIPlugin:80 - create IPUIPlugin
2024-04-21 20:46:47,774 [INFO] PluginManager:220 - loadIPPluginJar : add gpio
2024-04-21 20:46:47,776 [INFO] IPUIPlugin:80 - create IPUIPlugin
2024-04-21 20:46:47,776 [INFO] PluginManager:220 - loadIPPluginJar : add gtzc
2024-04-21 20:46:47,778 [INFO] IPUIPlugin:80 - create IPUIPlugin
2024-04-21 20:46:47,778 [INFO] PluginManager:220 - loadIPPluginJar : add hash
2024-04-21 20:46:47,780 [INFO] IPUIPlugin:80 - create IPUIPlugin
2024-04-21 20:46:47,780 [INFO] PluginManager:220 - loadIPPluginJar : add i2c
2024-04-21 20:46:47,782 [INFO] IPUIPlugin:80 - create IPUIPlugin
2024-04-21 20:46:47,783 [INFO] PluginManager:220 - loadIPPluginJar : add i2s
2024-04-21 20:46:47,785 [INFO] IPUIPlugin:80 - create IPUIPlugin
2024-04-21 20:46:47,785 [INFO] PluginManager:220 - loadIPPluginJar : add i3c
2024-04-21 20:46:47,789 [INFO] IPUIPlugin:80 - create IPUIPlugin
2024-04-21 20:46:47,789 [INFO] PluginManager:220 - loadIPPluginJar : add ipddr
2024-04-21 20:46:47,798 [INFO] IPUIPlugin:80 - create IPUIPlugin
2024-04-21 20:46:47,798 [INFO] PluginManager:220 - loadIPPluginJar : add linkedlist
2024-04-21 20:46:47,802 [INFO] IPUIPlugin:80 - create IPUIPlugin
2024-04-21 20:46:47,802 [INFO] PluginManager:220 - loadIPPluginJar : add lorawan
2024-04-21 20:46:47,803 [INFO] IPUIPlugin:80 - create IPUIPlugin
2024-04-21 20:46:47,803 [INFO] PluginManager:220 - loadIPPluginJar : add ltdc
2024-04-21 20:46:47,810 [INFO] IPUIPlugin:80 - create IPUIPlugin
2024-04-21 20:46:47,810 [INFO] PluginManager:220 - loadIPPluginJar : add mdma
2024-04-21 20:46:47,813 [INFO] IPUIPlugin:80 - create IPUIPlugin
2024-04-21 20:46:47,813 [INFO] PluginManager:220 - loadIPPluginJar : add nvic
2024-04-21 20:46:47,816 [INFO] IPUIPlugin:80 - create IPUIPlugin
2024-04-21 20:46:47,817 [INFO] PluginManager:220 - loadIPPluginJar : add opamp
2024-04-21 20:46:47,819 [INFO] IPUIPlugin:80 - create IPUIPlugin
2024-04-21 20:46:47,819 [INFO] PluginManager:220 - loadIPPluginJar : add openamp
2024-04-21 20:46:47,822 [INFO] IPUIPlugin:80 - create IPUIPlugin
2024-04-21 20:46:47,822 [INFO] PluginManager:220 - loadIPPluginJar : add pdm2pcm
2024-04-21 20:46:47,828 [INFO] IPUIPlugin:80 - create IPUIPlugin
2024-04-21 20:46:47,830 [INFO] PluginManager:220 - loadIPPluginJar : add plateformsettings
2024-04-21 20:46:47,832 [INFO] IPUIPlugin:80 - create IPUIPlugin
2024-04-21 20:46:47,832 [INFO] PluginManager:220 - loadIPPluginJar : add quadspi
2024-04-21 20:46:47,836 [INFO] IPUIPlugin:80 - create IPUIPlugin
2024-04-21 20:46:47,836 [INFO] PluginManager:220 - loadIPPluginJar : add resmgrutility
2024-04-21 20:46:47,839 [INFO] IPUIPlugin:80 - create IPUIPlugin
2024-04-21 20:46:47,839 [INFO] PluginManager:220 - loadIPPluginJar : add sai
2024-04-21 20:46:47,842 [INFO] IPUIPlugin:80 - create IPUIPlugin
2024-04-21 20:46:47,842 [INFO] PluginManager:220 - loadIPPluginJar : add spi
2024-04-21 20:46:47,847 [INFO] IPUIPlugin:80 - create IPUIPlugin
2024-04-21 20:46:47,847 [INFO] PluginManager:220 - loadIPPluginJar : add stm32_wpan
2024-04-21 20:46:47,850 [INFO] IPUIPlugin:80 - create IPUIPlugin
2024-04-21 20:46:47,850 [INFO] PluginManager:220 - loadIPPluginJar : add tim
2024-04-21 20:46:47,853 [INFO] IPUIPlugin:80 - create IPUIPlugin
2024-04-21 20:46:47,853 [INFO] PluginManager:220 - loadIPPluginJar : add touchsensing
2024-04-21 20:46:47,856 [INFO] IPUIPlugin:80 - create IPUIPlugin
2024-04-21 20:46:47,856 [INFO] PluginManager:220 - loadIPPluginJar : add tracer_emb
2024-04-21 20:46:47,858 [INFO] IPUIPlugin:80 - create IPUIPlugin
2024-04-21 20:46:47,858 [INFO] PluginManager:220 - loadIPPluginJar : add ts
2024-04-21 20:46:47,860 [INFO] IPUIPlugin:80 - create IPUIPlugin
2024-04-21 20:46:47,860 [INFO] PluginManager:220 - loadIPPluginJar : add tsc
2024-04-21 20:46:47,862 [INFO] IPUIPlugin:80 - create IPUIPlugin
2024-04-21 20:46:47,862 [INFO] PluginManager:220 - loadIPPluginJar : add ucpd
2024-04-21 20:46:47,865 [INFO] IPUIPlugin:80 - create IPUIPlugin
2024-04-21 20:46:47,865 [INFO] PluginManager:220 - loadIPPluginJar : add usart
2024-04-21 20:46:47,870 [INFO] IPUIPlugin:80 - create IPUIPlugin
2024-04-21 20:46:47,870 [INFO] PluginManager:220 - loadIPPluginJar : add usbx
2024-04-21 20:46:48,003 [INFO] CADModel:165 - CPN selected for project level
2024-04-21 20:46:48,004 [INFO] CADModel:114 - Register for checkConnection events
2024-04-21 20:46:48,004 [FATAL] Updater:308 - Updater called before beeing initialized
2024-04-21 20:46:48,004 [ERROR] CADModel:125 - Updater not yet initialized, retry later 
2024-04-21 20:46:48,147 [INFO] CADModel:165 - CPN selected for project level
2024-04-21 20:46:48,148 [INFO] CADModel:114 - Register for checkConnection events
2024-04-21 20:46:48,148 [FATAL] Updater:308 - Updater called before beeing initialized
2024-04-21 20:46:48,148 [ERROR] CADModel:125 - Updater not yet initialized, retry later 
2024-04-21 20:46:48,153 [FATAL] Updater:308 - Updater called before beeing initialized
2024-04-21 20:46:48,295 [FATAL] Updater:308 - Updater called before beeing initialized
2024-04-21 20:46:48,303 [INFO] DbMcusAds:53 - JSON generation date=Wed Nov 29 11:52:27 CET 2023 (1701255147349)
2024-04-21 20:46:48,303 [FATAL] Updater:308 - Updater called before beeing initialized
2024-04-21 20:46:48,342 [WARN] DetailPanel:346 - Failed to get advertising image, set to default
2024-04-21 20:46:48,441 [FATAL] Updater:308 - Updater called before beeing initialized
2024-04-21 20:46:48,443 [FATAL] Updater:308 - Updater called before beeing initialized
2024-04-21 20:46:48,443 [FATAL] Updater:308 - Updater called before beeing initialized
2024-04-21 20:46:48,443 [WARN] DetailPanel:346 - Failed to get advertising image, set to default
2024-04-21 20:46:48,443 [FATAL] Updater:308 - Updater called before beeing initialized
2024-04-21 20:46:48,496 [ERROR] Updater:1120 - MainUpdater not yet initialized. External WinMGr cannot be set.
2024-04-21 20:46:48,499 [INFO] Updater:1056 - Updater Version found : 6.9.1
2024-04-21 20:46:48,520 [INFO] ApplicationProperties:184 - Using Application install path: D:\ST\STM32CubeIDE_1.13.1\STM32CubeIDE\plugins\com.st.stm32cube.common.mx_6.9.1.202307191849
2024-04-21 20:46:48,826 [INFO] MainUpdater:2868 - connection check result : 10
2024-04-21 20:46:48,827 [INFO] MainUpdater:285 - Updater Check For Update Now.
2024-04-21 20:46:48,827 [INFO] MicroXplorer:498 - Change Database Version : DB.6.0.91
2024-04-21 20:46:48,833 [INFO] McuFinderGlobals:63 - Set McuFinder mode to 2 (CubeIDE integrated)
2024-04-21 20:46:48,834 [INFO] UserAuth:179 - activating auth plugin
2024-04-21 20:46:48,837 [INFO] UserAuth:393 - Internet connection configuration mode: 1
2024-04-21 20:46:48,856 [INFO] JxBrowserEngine:151 - Initiate JxBrowser Engine with user profile folder
2024-04-21 20:46:49,054 [INFO] CheckServerUpdateThread:120 - End of CheckServer Thread
2024-04-21 20:46:49,666 [INFO] WebApp:157 - Instantiating new browser for Auth
2024-04-21 20:46:50,386 [WARN] PackLoader:240 - Cannot read IP mode file for STMicroelectronics.FP-SNS-MOTENVWB1.1.4.0
2024-04-21 20:46:50,411 [WARN] PackLoader:240 - Cannot read IP mode file for STMicroelectronics.X-CUBE-SMBUS.2.1.0
2024-04-21 20:46:50,419 [WARN] PackLoader:240 - Cannot read IP mode file for STMicroelectronics.X-CUBE-TOUCHGFX.4.23.0
2024-04-21 20:46:50,425 [WARN] PackLoader:240 - Cannot read IP mode file for STMicroelectronics.X-CUBE-TOUCHGFX.4.23.2
2024-04-21 20:46:50,461 [INFO] WebApp:753 - Register for checkConnection events
2024-04-21 20:46:50,461 [INFO] WebApp:390 - Apply proxy settings
2024-04-21 20:46:50,462 [INFO] WebApp:475 - Chromium requires no authentication
2024-04-21 20:46:50,486 [INFO] WebApp:418 - Direct internet connection detected
2024-04-21 20:46:50,501 [WARN] PackLoader:240 - Cannot read IP mode file for STMicroelectronics.X-CUBE-AZRTOS-F7.1.1.0
2024-04-21 20:46:50,529 [WARN] PackLoader:240 - Cannot read IP mode file for STMicroelectronics.FP-SNS-MOTENV1.4.3.2
2024-04-21 20:46:50,543 [WARN] PackLoader:240 - Cannot read IP mode file for STMicroelectronics.FP-SNS-FLIGHT1.5.0.2
2024-04-21 20:46:50,561 [WARN] PackLoader:240 - Cannot read IP mode file for STMicroelectronics.X-CUBE-DISPLAY.3.0.0
2024-04-21 20:46:50,591 [WARN] PackLoader:240 - Cannot read IP mode file for STMicroelectronics.X-CUBE-BLE1.7.0.0
2024-04-21 20:46:50,604 [WARN] PackLoader:240 - Cannot read IP mode file for emotas.I-CUBE-CANOPEN.1.3.0
2024-04-21 20:46:50,610 [WARN] PackLoader:240 - Cannot read IP mode file for STMicroelectronics.X-CUBE-TOUCHGFX.4.22.0
2024-04-21 20:46:50,636 [WARN] PackLoader:240 - Cannot read IP mode file for STMicroelectronics.X-CUBE-BLEMGR.3.1.0
2024-04-21 20:46:50,652 [WARN] PackLoader:240 - Cannot read IP mode file for STMicroelectronics.FP-SNS-SMARTAG2.1.2.0
2024-04-21 20:46:50,674 [INFO] LogOutputStream:77 - [STDOUT_REDIRECT] 1 : Invalid condition id : UX_CORESTACK_Condition cause : null
2024-04-21 20:46:50,676 [INFO] LogOutputStream:77 - [STDOUT_REDIRECT] 1 : Invalid condition id : UX_CORESTACK_Condition cause : null
2024-04-21 20:46:50,679 [INFO] LogOutputStream:77 - [STDOUT_REDIRECT] 1 : Invalid condition id : UX_CORESTACK_Condition cause : null
2024-04-21 20:46:50,683 [INFO] LogOutputStream:77 - [STDOUT_REDIRECT] 1 : Invalid condition id : UX_CORESTACK_Condition cause : null
2024-04-21 20:46:50,686 [INFO] LogOutputStream:77 - [STDOUT_REDIRECT] 1 : Invalid condition id : UX_CORESTACK_Condition cause : null
2024-04-21 20:46:50,697 [WARN] PackLoader:240 - Cannot read IP mode file for STMicroelectronics.X-CUBE-AZRTOS-WL.2.0.0
2024-04-21 20:46:50,707 [WARN] PackLoader:240 - Cannot read IP mode file for STMicroelectronics.FP-SNS-MOTENV1.5.0.0
2024-04-21 20:46:50,725 [WARN] PackLoader:240 - Cannot read IP mode file for WES.I-CUBE-Cesium.1.3.0
2024-04-21 20:46:50,734 [WARN] PackLoader:240 - Cannot read IP mode file for STMicroelectronics.X-CUBE-BLE2.3.3.0
2024-04-21 20:46:50,747 [WARN] PackLoader:240 - Cannot read IP mode file for STMicroelectronics.X-CUBE-TCPP.4.1.0
2024-04-21 20:46:50,764 [WARN] PackLoader:240 - Cannot read IP mode file for STMicroelectronics.X-CUBE-ALGOBUILD.1.3.0
2024-04-21 20:46:50,801 [WARN] PackLoader:240 - Cannot read IP mode file for STMicroelectronics.X-CUBE-AZRTOS-G0.1.1.0
2024-04-21 20:46:50,818 [WARN] PackLoader:240 - Cannot read IP mode file for STMicroelectronics.X-CUBE-SAFEA1.1.2.2
2024-04-21 20:46:50,830 [WARN] PackLoader:240 - Cannot read IP mode file for STMicroelectronics.X-CUBE-NFC4.3.0.0
2024-04-21 20:46:50,838 [WARN] PackLoader:240 - Cannot read IP mode file for STMicroelectronics.FP-ATR-SIGFOX1.3.2.0
2024-04-21 20:46:50,857 [WARN] PackLoader:240 - Cannot read IP mode file for STMicroelectronics.X-CUBE-EEPRMA1.5.1.0
2024-04-21 20:46:50,923 [WARN] PackLoader:240 - Cannot read IP mode file for SEGGER.I-CUBE-embOS.1.3.1
2024-04-21 20:46:51,062 [WARN] PackLoader:240 - Cannot read IP mode file for STMicroelectronics.X-CUBE-GNSS1.6.0.0
2024-04-21 20:46:51,093 [WARN] PackLoader:240 - Cannot read IP mode file for STMicroelectronics.X-CUBE-AZRTOS-F4.1.1.0
2024-04-21 20:46:51,124 [WARN] PackLoader:240 - Cannot read IP mode file for wolfSSL.I-CUBE-wolfSSL.5.6.3
2024-04-21 20:46:51,124 [INFO] WebApp:188 - Starting web application
2024-04-21 20:46:51,124 [INFO] WebApp:520 - Web application path used D:\ST\STM32CubeIDE_1.13.1\STM32CubeIDE\plugins\com.st.stm32cube.common.mx_6.9.1.202307191849\db\plugins\mcufinder\reactClient1\index.html
2024-04-21 20:46:51,164 [WARN] PackLoader:240 - Cannot read IP mode file for STMicroelectronics.X-CUBE-AZRTOS-L5.2.0.0
2024-04-21 20:46:51,249 [WARN] PackLoader:240 - Cannot read IP mode file for STMicroelectronics.X-CUBE-MEMS1.9.6.0
2024-04-21 20:46:51,636 [WARN] PackLoader:240 - Cannot read IP mode file for STMicroelectronics.X-CUBE-NFC6.3.1.0
2024-04-21 20:46:51,647 [WARN] PackLoader:240 - Cannot read IP mode file for ITTIA_DB.I-CUBE-ITTIADB.8.8.0
2024-04-21 20:46:51,656 [WARN] PackLoader:240 - Cannot read IP mode file for STMicroelectronics.X-CUBE-BLEMGR.2.0.0
2024-04-21 20:46:51,665 [WARN] PackLoader:240 - Cannot read IP mode file for STMicroelectronics.X-CUBE-AI.9.0.0
2024-04-21 20:46:51,690 [WARN] ConditionMgr:438 - getConditionDescription Invalid condition id : UX DEVICE CLASS RTOS Condition cause : null
2024-04-21 20:46:51,690 [WARN] ConditionMgr:438 - getConditionDescription Invalid condition id : UX DEVICE CLASS RTOS Condition cause : null
2024-04-21 20:46:51,695 [WARN] PackLoader:240 - Cannot read IP mode file for STMicroelectronics.X-CUBE-AZRTOS-H7.3.1.0
2024-04-21 20:46:51,698 [WARN] ConditionMgr:1039 - genDependencies : Invalid condition id : UX DEVICE CLASS RTOS Condition cause : null
2024-04-21 20:46:51,698 [WARN] ConditionMgr:1039 - genDependencies : Invalid condition id : UX DEVICE CLASS RTOS Condition cause : null
2024-04-21 20:46:51,700 [WARN] ConditionMgr:1039 - genDependencies : Invalid condition id : UX DEVICE CLASS RTOS Condition cause : null
2024-04-21 20:46:51,701 [WARN] ConditionMgr:1039 - genDependencies : Invalid condition id : UX DEVICE CLASS RTOS Condition cause : null
2024-04-21 20:46:51,701 [WARN] ConditionMgr:1039 - genDependencies : Invalid condition id : UX DEVICE CLASS RTOS Condition cause : null
2024-04-21 20:46:51,711 [WARN] PackLoader:240 - Cannot read IP mode file for STMicroelectronics.X-CUBE-NFC7.1.0.1
2024-04-21 20:46:51,720 [WARN] PackLoader:240 - Cannot read IP mode file for STMicroelectronics.X-CUBE-EEPRMA1.4.1.0
2024-04-21 20:46:51,726 [WARN] PackLoader:240 - Cannot read IP mode file for STMicroelectronics.X-CUBE-AI.8.1.0
2024-04-21 20:46:51,761 [WARN] ConditionMgr:438 - getConditionDescription Invalid condition id : LAN8742 Phy interface Condition cause : null
2024-04-21 20:46:51,762 [WARN] PackLoader:240 - Cannot read IP mode file for STMicroelectronics.X-CUBE-AZRTOS-L4.2.0.0
2024-04-21 20:46:51,765 [WARN] ConditionMgr:1039 - genDependencies : Invalid condition id : LAN8742 Phy interface Condition cause : null
2024-04-21 20:46:51,765 [WARN] ConditionMgr:1039 - genDependencies : Invalid condition id : LAN8742 Phy interface Condition cause : null
2024-04-21 20:46:51,766 [WARN] ConditionMgr:1039 - genDependencies : Invalid condition id : LAN8742 Phy interface Condition cause : null
2024-04-21 20:46:51,779 [WARN] PackLoader:240 - Cannot read IP mode file for STMicroelectronics.X-CUBE-SFXS2LP1.4.0.0
2024-04-21 20:46:51,787 [WARN] PackLoader:240 - Cannot read IP mode file for STMicroelectronics.X-CUBE-ISPU.1.1.0
2024-04-21 20:46:51,807 [WARN] ConditionMgr:438 - getConditionDescription Invalid condition id : UX DEVICE CLASS RTOS Condition cause : null
2024-04-21 20:46:51,807 [WARN] ConditionMgr:438 - getConditionDescription Invalid condition id : UX DEVICE CLASS RTOS Condition cause : null
2024-04-21 20:46:51,810 [WARN] PackLoader:240 - Cannot read IP mode file for STMicroelectronics.X-CUBE-AZRTOS-WB.2.0.0
2024-04-21 20:46:51,810 [WARN] ConditionMgr:1039 - genDependencies : Invalid condition id : UX DEVICE CLASS RTOS Condition cause : null
2024-04-21 20:46:51,811 [WARN] ConditionMgr:1039 - genDependencies : Invalid condition id : UX DEVICE CLASS RTOS Condition cause : null
2024-04-21 20:46:51,812 [WARN] ConditionMgr:1039 - genDependencies : Invalid condition id : UX DEVICE CLASS RTOS Condition cause : null
2024-04-21 20:46:51,812 [WARN] ConditionMgr:1039 - genDependencies : Invalid condition id : UX DEVICE CLASS RTOS Condition cause : null
2024-04-21 20:46:51,812 [WARN] ConditionMgr:1039 - genDependencies : Invalid condition id : UX DEVICE CLASS RTOS Condition cause : null
2024-04-21 20:46:51,821 [WARN] PackLoader:240 - Cannot read IP mode file for STMicroelectronics.X-CUBE-FREERTOS.1.0.1
2024-04-21 20:46:51,836 [WARN] PackLoader:240 - Cannot read IP mode file for STMicroelectronics.X-CUBE-SUBG2.5.0.0
2024-04-21 20:46:51,860 [WARN] PackLoader:240 - Cannot read IP mode file for STMicroelectronics.X-CUBE-TOF1.3.3.1
2024-04-21 20:46:51,905 [WARN] PackLoader:240 - Cannot read IP mode file for STMicroelectronics.X-CUBE-AZRTOS-G4.2.0.0
2024-04-21 20:46:51,928 [WARN] PackLoader:240 - Cannot read IP mode file for Infineon.AIROC-Wi-Fi-Bluetooth-STM32.1.5.1
2024-04-21 20:46:51,939 [WARN] PackLoader:240 - Cannot read IP mode file for STMicroelectronics.FP-SNS-MOTENVWB1.1.3.1
2024-04-21 20:46:51,945 [WARN] PackLoader:240 - Cannot read IP mode file for STMicroelectronics.X-CUBE-ISPU.2.0.0
2024-04-21 20:46:52,011 [WARN] PackLoader:240 - Cannot read IP mode file for STMicroelectronics.X-CUBE-MEMS1.10.0.0
2024-04-21 20:46:52,205 [WARN] PackLoader:240 - Cannot read IP mode file for STMicroelectronics.X-CUBE-FREERTOS.1.1.0
2024-04-21 20:46:52,213 [WARN] PackLoader:240 - Cannot read IP mode file for portGmbH.I-Cube-SoM-uGOAL.1.1.0
2024-04-21 20:46:52,219 [WARN] PackLoader:240 - Cannot read IP mode file for STMicroelectronics.X-CUBE-ALS.1.0.1
2024-04-21 20:46:52,247 [WARN] PackLoader:240 - Cannot read IP mode file for STMicroelectronics.X-CUBE-AZRTOS-H7RS.1.0.0
2024-04-21 20:46:52,258 [WARN] PackLoader:240 - Cannot read IP mode file for STMicroelectronics.FP-ATR-ASTRA1.2.0.0
2024-04-21 20:46:52,271 [WARN] PackLoader:240 - Cannot read IP mode file for STMicroelectronics.X-CUBE-TOF1.3.4.1
2024-04-21 20:46:52,316 [WARN] PackLoader:240 - Cannot read IP mode file for STMicroelectronics.X-CUBE-AZRTOS-H7.3.2.0
2024-04-21 20:46:52,321 [INFO] ThirdParty:978 - Integrity check success = true
2024-04-21 20:46:52,321 [INFO] IntegrityCheckThread:100 - exiting critical section [integrity check]
2024-04-21 20:46:52,321 [INFO] IntegrityCheckThread:103 - End integrity checks thread
2024-04-21 20:47:12,243 [ERROR] LogOutputStream:75 - [STDERR_REDIRECT] SLF4J: Failed to load class "org.slf4j.impl.StaticLoggerBinder".
2024-04-21 20:47:12,243 [ERROR] LogOutputStream:75 - [STDERR_REDIRECT] SLF4J: Defaulting to no-operation (NOP) logger implementation
2024-04-21 20:47:12,245 [ERROR] LogOutputStream:75 - [STDERR_REDIRECT] SLF4J: See http://www.slf4j.org/codes.html#StaticLoggerBinder for further details.
